<?xml version="1.0" encoding="UTF-8"?>
<testng-results ignored="0" total="2" passed="2" failed="0" skipped="0">
  <reporter-output>
  </reporter-output>
  <suite started-at="2025-05-02T17:28:14 IST" name="Suite" finished-at="2025-05-02T17:28:37 IST" duration-ms="23023">
    <groups>
    </groups>
    <test started-at="2025-05-02T17:28:14 IST" name="Test" finished-at="2025-05-02T17:28:37 IST" duration-ms="23023">
      <class name="rahul.pracing.test.SubmitTests">
        <test-method is-config="true" signature="landOn()[pri:0, instance:rahul.pracing.test.SubmitTests@c730b35]" started-at="2025-05-02T17:28:14 IST" name="landOn" finished-at="2025-05-02T17:28:16 IST" duration-ms="1942" status="PASS">
          <reporter-output>
          </reporter-output>
        </test-method> <!-- landOn -->
        <test-method signature="submitOrder(java.util.HashMap)[pri:0, instance:rahul.pracing.test.SubmitTests@c730b35]" started-at="2025-05-02T17:28:16 IST" name="submitOrder" data-provider="getData" finished-at="2025-05-02T17:28:26 IST" duration-ms="9133" status="PASS">
          <params>
            <param index="0">
              <value>
                <![CDATA[{userMail=Rahul13@gmail.com, password=Biswa@13, productName=ADIDAS ORIGINAL}]]>
              </value>
            </param>
          </params>
          <reporter-output>
          </reporter-output>
        </test-method> <!-- submitOrder -->
        <test-method is-config="true" signature="exitFromBrowser()[pri:0, instance:rahul.pracing.test.SubmitTests@c730b35]" started-at="2025-05-02T17:28:26 IST" name="exitFromBrowser" finished-at="2025-05-02T17:28:26 IST" duration-ms="92" status="PASS">
          <reporter-output>
          </reporter-output>
        </test-method> <!-- exitFromBrowser -->
        <test-method is-config="true" signature="landOn()[pri:0, instance:rahul.pracing.test.SubmitTests@c730b35]" started-at="2025-05-02T17:28:26 IST" name="landOn" finished-at="2025-05-02T17:28:28 IST" duration-ms="2497" status="PASS">
          <reporter-output>
          </reporter-output>
        </test-method> <!-- landOn -->
        <test-method signature="submitOrder(java.util.HashMap)[pri:0, instance:rahul.pracing.test.SubmitTests@c730b35]" started-at="2025-05-02T17:28:28 IST" name="submitOrder" data-provider="getData" finished-at="2025-05-02T17:28:37 IST" duration-ms="9066" status="PASS">
          <params>
            <param index="0">
              <value>
                <![CDATA[{userMail=Rahul1313@gmail.com, password=Rahul@13, productName=ZARA COAT 3}]]>
              </value>
            </param>
          </params>
          <reporter-output>
          </reporter-output>
        </test-method> <!-- submitOrder -->
        <test-method is-config="true" signature="exitFromBrowser()[pri:0, instance:rahul.pracing.test.SubmitTests@c730b35]" started-at="2025-05-02T17:28:37 IST" name="exitFromBrowser" finished-at="2025-05-02T17:28:37 IST" duration-ms="50" status="PASS">
          <reporter-output>
          </reporter-output>
        </test-method> <!-- exitFromBrowser -->
      </class> <!-- rahul.pracing.test.SubmitTests -->
    </test> <!-- Test -->
  </suite> <!-- Suite -->
</testng-results>
