<?xml version="1.0" encoding="UTF-8"?>
<!-- Generated by org.testng.reporters.JUnitReportReporter -->
<testsuite hostname="DESKTOP-INDRAJIT" failures="0" tests="2" name="rahul.pracing.test.SubmitTests" time="22.780" errors="0" timestamp="2025-05-02T17:28:37 IST" skipped="0">
  <testcase classname="rahul.pracing.test.SubmitTests" name="submitOrder" time="11.100"/>
  <testcase classname="rahul.pracing.test.SubmitTests" name="submitOrder" time="11.680"/>
</testsuite> <!-- rahul.pracing.test.SubmitTests -->
